{"meta": {"format": 3, "version": "7.10.7", "timestamp": "2025-10-07T00:10:20.315527", "branch_coverage": false, "show_contexts": false}, "files": {"promptlightning/__init__.py": {"executed_lines": [1, 3], "summary": {"covered_lines": 2, "num_statements": 2, "percent_covered": 100.0, "percent_covered_display": "100", "missing_lines": 0, "excluded_lines": 0}, "missing_lines": [], "excluded_lines": [], "functions": {"": {"executed_lines": [1, 3], "summary": {"covered_lines": 2, "num_statements": 2, "percent_covered": 100.0, "percent_covered_display": "100", "missing_lines": 0, "excluded_lines": 0}, "missing_lines": [], "excluded_lines": []}}, "classes": {"": {"executed_lines": [1, 3], "summary": {"covered_lines": 2, "num_statements": 2, "percent_covered": 100.0, "percent_covered_display": "100", "missing_lines": 0, "excluded_lines": 0}, "missing_lines": [], "excluded_lines": []}}}, "promptlightning/cli.py": {"executed_lines": [1, 2, 3, 4, 5, 6, 7, 8, 9, 11, 13, 15, 16, 17, 18, 19, 24, 25, 32, 33, 35, 36, 37, 38, 39, 41, 42, 43, 44, 46, 48, 49, 51, 52, 53, 54, 55, 56, 57, 58, 59, 60, 61, 62, 63, 64, 65, 66, 69, 70, 82, 83, 188, 260, 275, 276, 342, 343], "summary": {"covered_lines": 58, "num_statements": 297, "percent_covered": 19.52861952861953, "percent_covered_display": "20", "missing_lines": 239, "excluded_lines": 0}, "missing_lines": [67, 71, 72, 73, 74, 75, 76, 77, 78, 79, 80, 102, 103, 104, 106, 107, 108, 110, 111, 112, 113, 114, 115, 117, 118, 120, 121, 122, 124, 125, 126, 127, 129, 137, 138, 140, 141, 143, 145, 146, 148, 150, 151, 152, 158, 159, 161, 162, 163, 164, 165, 166, 167, 169, 171, 172, 173, 174, 175, 176, 178, 179, 180, 181, 182, 183, 184, 185, 186, 190, 191, 192, 195, 196, 197, 200, 201, 202, 205, 206, 209, 210, 211, 212, 214, 215, 216, 218, 220, 222, 223, 224, 231, 232, 233, 236, 237, 245, 246, 247, 249, 250, 252, 253, 254, 255, 256, 257, 262, 263, 264, 265, 266, 267, 268, 269, 271, 272, 295, 297, 298, 299, 302, 303, 304, 305, 306, 308, 311, 312, 313, 316, 317, 318, 319, 321, 323, 324, 326, 328, 329, 330, 332, 333, 334, 335, 336, 337, 338, 339, 340, 364, 365, 366, 367, 368, 369, 370, 371, 372, 374, 375, 376, 377, 378, 379, 380, 381, 382, 384, 386, 387, 388, 390, 391, 392, 393, 394, 395, 397, 398, 399, 401, 402, 403, 405, 406, 408, 409, 410, 411, 412, 414, 416, 418, 419, 420, 421, 422, 424, 426, 427, 428, 429, 430, 431, 432, 433, 434, 435, 436, 437, 438, 439, 440, 441, 442, 443, 444, 445, 446, 447, 448, 449, 451, 452, 461, 462, 463, 465, 466, 468, 469, 470, 471, 472, 473, 474, 475], "excluded_lines": [], "functions": {"init": {"executed_lines": [17, 18, 19, 24, 25, 32, 33], "summary": {"covered_lines": 7, "num_statements": 7, "percent_covered": 100.0, "percent_covered_display": "100", "missing_lines": 0, "excluded_lines": 0}, "missing_lines": [], "excluded_lines": []}, "list": {"executed_lines": [37, 38, 39], "summary": {"covered_lines": 3, "num_statements": 3, "percent_covered": 100.0, "percent_covered_display": "100", "missing_lines": 0, "excluded_lines": 0}, "missing_lines": [], "excluded_lines": []}, "get": {"executed_lines": [43, 44, 46], "summary": {"covered_lines": 3, "num_statements": 3, "percent_covered": 100.0, "percent_covered_display": "100", "missing_lines": 0, "excluded_lines": 0}, "missing_lines": [], "excluded_lines": []}, "bump": {"executed_lines": [51, 52, 53, 54, 55, 56, 57, 58, 59, 60, 61, 62, 63, 64, 65, 66], "summary": {"covered_lines": 16, "num_statements": 17, "percent_covered": 94.11764705882354, "percent_covered_display": "94", "missing_lines": 1, "excluded_lines": 0}, "missing_lines": [67], "excluded_lines": []}, "watch": {"executed_lines": [], "summary": {"covered_lines": 0, "num_statements": 10, "percent_covered": 0.0, "percent_covered_display": "0", "missing_lines": 10, "excluded_lines": 0}, "missing_lines": [71, 72, 73, 74, 75, 76, 77, 78, 79, 80], "excluded_lines": []}, "migrate": {"executed_lines": [], "summary": {"covered_lines": 0, "num_statements": 58, "percent_covered": 0.0, "percent_covered_display": "0", "missing_lines": 58, "excluded_lines": 0}, "missing_lines": [102, 103, 104, 106, 107, 108, 110, 111, 112, 113, 114, 115, 117, 118, 120, 121, 122, 124, 125, 126, 127, 129, 137, 138, 140, 141, 143, 145, 146, 148, 150, 151, 152, 158, 159, 161, 162, 163, 164, 165, 166, 167, 169, 171, 172, 173, 174, 175, 176, 178, 179, 180, 181, 182, 183, 184, 185, 186], "excluded_lines": []}, "_build_ui": {"executed_lines": [], "summary": {"covered_lines": 0, "num_statements": 39, "percent_covered": 0.0, "percent_covered_display": "0", "missing_lines": 39, "excluded_lines": 0}, "missing_lines": [190, 191, 192, 195, 196, 197, 200, 201, 202, 205, 206, 209, 210, 211, 212, 214, 215, 216, 218, 220, 222, 223, 224, 231, 232, 233, 236, 237, 245, 246, 247, 249, 250, 252, 253, 254, 255, 256, 257], "excluded_lines": []}, "_open_browser_delayed": {"executed_lines": [], "summary": {"covered_lines": 0, "num_statements": 3, "percent_covered": 0.0, "percent_covered_display": "0", "missing_lines": 3, "excluded_lines": 0}, "missing_lines": [262, 271, 272], "excluded_lines": []}, "_open_browser_delayed.open_browser": {"executed_lines": [], "summary": {"covered_lines": 0, "num_statements": 7, "percent_covered": 0.0, "percent_covered_display": "0", "missing_lines": 7, "excluded_lines": 0}, "missing_lines": [263, 264, 265, 266, 267, 268, 269], "excluded_lines": []}, "playground": {"executed_lines": [], "summary": {"covered_lines": 0, "num_statements": 33, "percent_covered": 0.0, "percent_covered_display": "0", "missing_lines": 33, "excluded_lines": 0}, "missing_lines": [295, 297, 298, 299, 302, 303, 304, 305, 306, 308, 311, 312, 313, 316, 317, 318, 319, 321, 323, 324, 326, 328, 329, 330, 332, 333, 334, 335, 336, 337, 338, 339, 340], "excluded_lines": []}, "run": {"executed_lines": [], "summary": {"covered_lines": 0, "num_statements": 88, "percent_covered": 0.0, "percent_covered_display": "0", "missing_lines": 88, "excluded_lines": 0}, "missing_lines": [364, 365, 366, 367, 368, 369, 370, 371, 372, 374, 375, 376, 377, 378, 379, 380, 381, 382, 384, 386, 387, 388, 390, 391, 392, 393, 394, 395, 397, 398, 399, 401, 402, 403, 405, 406, 408, 409, 410, 411, 412, 414, 416, 418, 419, 420, 421, 422, 424, 426, 427, 428, 429, 430, 431, 432, 433, 434, 435, 436, 437, 438, 439, 440, 441, 442, 443, 444, 445, 446, 447, 448, 449, 451, 452, 461, 462, 463, 465, 466, 468, 469, 470, 471, 472, 473, 474, 475], "excluded_lines": []}, "": {"executed_lines": [1, 2, 3, 4, 5, 6, 7, 8, 9, 11, 13, 15, 16, 35, 36, 41, 42, 48, 49, 69, 70, 82, 83, 188, 260, 275, 276, 342, 343], "summary": {"covered_lines": 29, "num_statements": 29, "percent_covered": 100.0, "percent_covered_display": "100", "missing_lines": 0, "excluded_lines": 0}, "missing_lines": [], "excluded_lines": []}}, "classes": {"": {"executed_lines": [1, 2, 3, 4, 5, 6, 7, 8, 9, 11, 13, 15, 16, 17, 18, 19, 24, 25, 32, 33, 35, 36, 37, 38, 39, 41, 42, 43, 44, 46, 48, 49, 51, 52, 53, 54, 55, 56, 57, 58, 59, 60, 61, 62, 63, 64, 65, 66, 69, 70, 82, 83, 188, 260, 275, 276, 342, 343], "summary": {"covered_lines": 58, "num_statements": 297, "percent_covered": 19.52861952861953, "percent_covered_display": "20", "missing_lines": 239, "excluded_lines": 0}, "missing_lines": [67, 71, 72, 73, 74, 75, 76, 77, 78, 79, 80, 102, 103, 104, 106, 107, 108, 110, 111, 112, 113, 114, 115, 117, 118, 120, 121, 122, 124, 125, 126, 127, 129, 137, 138, 140, 141, 143, 145, 146, 148, 150, 151, 152, 158, 159, 161, 162, 163, 164, 165, 166, 167, 169, 171, 172, 173, 174, 175, 176, 178, 179, 180, 181, 182, 183, 184, 185, 186, 190, 191, 192, 195, 196, 197, 200, 201, 202, 205, 206, 209, 210, 211, 212, 214, 215, 216, 218, 220, 222, 223, 224, 231, 232, 233, 236, 237, 245, 246, 247, 249, 250, 252, 253, 254, 255, 256, 257, 262, 263, 264, 265, 266, 267, 268, 269, 271, 272, 295, 297, 298, 299, 302, 303, 304, 305, 306, 308, 311, 312, 313, 316, 317, 318, 319, 321, 323, 324, 326, 328, 329, 330, 332, 333, 334, 335, 336, 337, 338, 339, 340, 364, 365, 366, 367, 368, 369, 370, 371, 372, 374, 375, 376, 377, 378, 379, 380, 381, 382, 384, 386, 387, 388, 390, 391, 392, 393, 394, 395, 397, 398, 399, 401, 402, 403, 405, 406, 408, 409, 410, 411, 412, 414, 416, 418, 419, 420, 421, 422, 424, 426, 427, 428, 429, 430, 431, 432, 433, 434, 435, 436, 437, 438, 439, 440, 441, 442, 443, 444, 445, 446, 447, 448, 449, 451, 452, 461, 462, 463, 465, 466, 468, 469, 470, 471, 472, 473, 474, 475], "excluded_lines": []}}}, "promptlightning/exceptions.py": {"executed_lines": [1, 2, 3, 4, 5, 7, 8, 9, 10], "summary": {"covered_lines": 9, "num_statements": 9, "percent_covered": 100.0, "percent_covered_display": "100", "missing_lines": 0, "excluded_lines": 0}, "missing_lines": [], "excluded_lines": [], "functions": {"": {"executed_lines": [1, 2, 3, 4, 5, 7, 8, 9, 10], "summary": {"covered_lines": 9, "num_statements": 9, "percent_covered": 100.0, "percent_covered_display": "100", "missing_lines": 0, "excluded_lines": 0}, "missing_lines": [], "excluded_lines": []}}, "classes": {"PromptLightningError": {"executed_lines": [], "summary": {"covered_lines": 0, "num_statements": 0, "percent_covered": 100.0, "percent_covered_display": "100", "missing_lines": 0, "excluded_lines": 0}, "missing_lines": [], "excluded_lines": []}, "TemplateNotFound": {"executed_lines": [], "summary": {"covered_lines": 0, "num_statements": 0, "percent_covered": 100.0, "percent_covered_display": "100", "missing_lines": 0, "excluded_lines": 0}, "missing_lines": [], "excluded_lines": []}, "ValidationError": {"executed_lines": [], "summary": {"covered_lines": 0, "num_statements": 0, "percent_covered": 100.0, "percent_covered_display": "100", "missing_lines": 0, "excluded_lines": 0}, "missing_lines": [], "excluded_lines": []}, "RenderError": {"executed_lines": [], "summary": {"covered_lines": 0, "num_statements": 0, "percent_covered": 100.0, "percent_covered_display": "100", "missing_lines": 0, "excluded_lines": 0}, "missing_lines": [], "excluded_lines": []}, "RegistryError": {"executed_lines": [], "summary": {"covered_lines": 0, "num_statements": 0, "percent_covered": 100.0, "percent_covered_display": "100", "missing_lines": 0, "excluded_lines": 0}, "missing_lines": [], "excluded_lines": []}, "LLMError": {"executed_lines": [], "summary": {"covered_lines": 0, "num_statements": 0, "percent_covered": 100.0, "percent_covered_display": "100", "missing_lines": 0, "excluded_lines": 0}, "missing_lines": [], "excluded_lines": []}, "APIKeyError": {"executed_lines": [], "summary": {"covered_lines": 0, "num_statements": 0, "percent_covered": 100.0, "percent_covered_display": "100", "missing_lines": 0, "excluded_lines": 0}, "missing_lines": [], "excluded_lines": []}, "RateLimitError": {"executed_lines": [], "summary": {"covered_lines": 0, "num_statements": 0, "percent_covered": 100.0, "percent_covered_display": "100", "missing_lines": 0, "excluded_lines": 0}, "missing_lines": [], "excluded_lines": []}, "ModelNotFoundError": {"executed_lines": [], "summary": {"covered_lines": 0, "num_statements": 0, "percent_covered": 100.0, "percent_covered_display": "100", "missing_lines": 0, "excluded_lines": 0}, "missing_lines": [], "excluded_lines": []}, "": {"executed_lines": [1, 2, 3, 4, 5, 7, 8, 9, 10], "summary": {"covered_lines": 9, "num_statements": 9, "percent_covered": 100.0, "percent_covered_display": "100", "missing_lines": 0, "excluded_lines": 0}, "missing_lines": [], "excluded_lines": []}}}, "promptlightning/llm/__init__.py": {"executed_lines": [1, 2, 4], "summary": {"covered_lines": 3, "num_statements": 3, "percent_covered": 100.0, "percent_covered_display": "100", "missing_lines": 0, "excluded_lines": 0}, "missing_lines": [], "excluded_lines": [], "functions": {"": {"executed_lines": [1, 2, 4], "summary": {"covered_lines": 3, "num_statements": 3, "percent_covered": 100.0, "percent_covered_display": "100", "missing_lines": 0, "excluded_lines": 0}, "missing_lines": [], "excluded_lines": []}}, "classes": {"": {"executed_lines": [1, 2, 4], "summary": {"covered_lines": 3, "num_statements": 3, "percent_covered": 100.0, "percent_covered_display": "100", "missing_lines": 0, "excluded_lines": 0}, "missing_lines": [], "excluded_lines": []}}}, "promptlightning/llm/client.py": {"executed_lines": [1, 2, 3, 4, 5, 6, 7, 8, 16, 17, 20, 21, 28, 29, 31, 32, 33, 34, 36, 37, 39, 40, 41, 43, 44, 45, 47, 48, 49, 50, 53, 55, 56, 57, 59, 60, 61, 63, 64, 65, 68, 69, 71, 72, 73, 80, 81, 83, 84, 85, 87, 88, 89, 90, 94, 95, 101, 103, 109, 111, 112, 113, 114, 116, 117, 118, 120, 130, 131, 132, 133, 134, 135, 136, 137, 138, 139, 140, 141, 142, 144, 146, 154, 155, 156, 157, 159, 160, 161, 163, 165, 166, 167, 168, 169, 171, 172, 173, 175, 176, 177, 178, 179, 180, 181, 182, 183, 184, 188, 196, 197, 198, 199, 201, 202, 205, 207, 208, 209, 210, 211, 213, 214, 215, 217, 218, 219, 220, 221, 230, 236, 237, 238, 239, 240, 242, 249, 251, 252, 253, 255, 256, 258, 264, 265, 267, 268, 271, 272, 273, 274, 275, 277, 278, 279, 281, 287, 288, 290, 291, 294, 295, 296, 297, 298, 304, 305, 307, 308], "summary": {"covered_lines": 169, "num_statements": 187, "percent_covered": 90.37433155080214, "percent_covered_display": "90", "missing_lines": 18, "excluded_lines": 0}, "missing_lines": [52, 66, 67, 91, 92, 186, 203, 222, 223, 224, 225, 226, 228, 269, 292, 300, 301, 302], "excluded_lines": [], "functions": {"LLMClient.__init__": {"executed_lines": [28, 29, 31, 32, 33, 34, 36, 37], "summary": {"covered_lines": 8, "num_statements": 8, "percent_covered": 100.0, "percent_covered_display": "100", "missing_lines": 0, "excluded_lines": 0}, "missing_lines": [], "excluded_lines": []}, "LLMClient._get_cache_key": {"executed_lines": [40, 41], "summary": {"covered_lines": 2, "num_statements": 2, "percent_covered": 100.0, "percent_covered_display": "100", "missing_lines": 0, "excluded_lines": 0}, "missing_lines": [], "excluded_lines": []}, "LLMClient._get_from_cache": {"executed_lines": [44, 45, 47, 48, 49, 50, 53], "summary": {"covered_lines": 7, "num_statements": 8, "percent_covered": 87.5, "percent_covered_display": "88", "missing_lines": 1, "excluded_lines": 0}, "missing_lines": [52], "excluded_lines": []}, "LLMClient._set_cache": {"executed_lines": [56, 57], "summary": {"covered_lines": 2, "num_statements": 2, "percent_covered": 100.0, "percent_covered_display": "100", "missing_lines": 0, "excluded_lines": 0}, "missing_lines": [], "excluded_lines": []}, "LLMClient._check_circuit_breaker": {"executed_lines": [60, 61, 63, 64, 65, 68, 69], "summary": {"covered_lines": 7, "num_statements": 9, "percent_covered": 77.77777777777777, "percent_covered_display": "78", "missing_lines": 2, "excluded_lines": 0}, "missing_lines": [66, 67], "excluded_lines": []}, "LLMClient._record_failure": {"executed_lines": [72, 73, 80, 81, 83, 84, 85], "summary": {"covered_lines": 7, "num_statements": 7, "percent_covered": 100.0, "percent_covered_display": "100", "missing_lines": 0, "excluded_lines": 0}, "missing_lines": [], "excluded_lines": []}, "LLMClient._record_success": {"executed_lines": [88, 89, 90], "summary": {"covered_lines": 3, "num_statements": 5, "percent_covered": 60.0, "percent_covered_display": "60", "missing_lines": 2, "excluded_lines": 0}, "missing_lines": [91, 92], "excluded_lines": []}, "LLMClient._build_params": {"executed_lines": [95, 101], "summary": {"covered_lines": 2, "num_statements": 2, "percent_covered": 100.0, "percent_covered_display": "100", "missing_lines": 0, "excluded_lines": 0}, "missing_lines": [], "excluded_lines": []}, "LLMClient._parse_response": {"executed_lines": [109, 111, 112, 113, 114, 116, 117, 118, 120], "summary": {"covered_lines": 9, "num_statements": 9, "percent_covered": 100.0, "percent_covered_display": "100", "missing_lines": 0, "excluded_lines": 0}, "missing_lines": [], "excluded_lines": []}, "LLMClient._handle_exceptions": {"executed_lines": [131, 132, 133, 134, 135, 136, 137, 138, 139, 140, 141, 142, 144], "summary": {"covered_lines": 13, "num_statements": 13, "percent_covered": 100.0, "percent_covered_display": "100", "missing_lines": 0, "excluded_lines": 0}, "missing_lines": [], "excluded_lines": []}, "LLMClient.execute": {"executed_lines": [154, 155, 156, 157, 159, 160, 161, 163, 165, 166, 167, 168, 169, 171, 172, 173, 175, 176, 177, 178, 179, 180, 181, 182, 183, 184], "summary": {"covered_lines": 26, "num_statements": 27, "percent_covered": 96.29629629629629, "percent_covered_display": "96", "missing_lines": 1, "excluded_lines": 0}, "missing_lines": [186], "excluded_lines": []}, "LLMClient.execute_async": {"executed_lines": [196, 197, 198, 199, 201, 202, 205, 207, 208, 209, 210, 211, 213, 214, 215, 217, 218, 219, 220, 221], "summary": {"covered_lines": 20, "num_statements": 27, "percent_covered": 74.07407407407408, "percent_covered_display": "74", "missing_lines": 7, "excluded_lines": 0}, "missing_lines": [203, 222, 223, 224, 225, 226, 228], "excluded_lines": []}, "LLMClient.execute_batch": {"executed_lines": [236, 237, 238, 239, 240], "summary": {"covered_lines": 5, "num_statements": 5, "percent_covered": 100.0, "percent_covered_display": "100", "missing_lines": 0, "excluded_lines": 0}, "missing_lines": [], "excluded_lines": []}, "LLMClient.execute_batch_async": {"executed_lines": [249, 251, 255, 256], "summary": {"covered_lines": 4, "num_statements": 4, "percent_covered": 100.0, "percent_covered_display": "100", "missing_lines": 0, "excluded_lines": 0}, "missing_lines": [], "excluded_lines": []}, "LLMClient.execute_batch_async.execute_with_semaphore": {"executed_lines": [252, 253], "summary": {"covered_lines": 2, "num_statements": 2, "percent_covered": 100.0, "percent_covered_display": "100", "missing_lines": 0, "excluded_lines": 0}, "missing_lines": [], "excluded_lines": []}, "LLMClient.execute_stream": {"executed_lines": [264, 265, 267, 268, 271, 272, 273, 274, 275, 277, 278, 279], "summary": {"covered_lines": 12, "num_statements": 13, "percent_covered": 92.3076923076923, "percent_covered_display": "92", "missing_lines": 1, "excluded_lines": 0}, "missing_lines": [269], "excluded_lines": []}, "LLMClient.execute_stream_async": {"executed_lines": [287, 288, 290, 291, 294, 295, 296, 297, 298], "summary": {"covered_lines": 9, "num_statements": 13, "percent_covered": 69.23076923076923, "percent_covered_display": "69", "missing_lines": 4, "excluded_lines": 0}, "missing_lines": [292, 300, 301, 302], "excluded_lines": []}, "LLMClient.clear_cache": {"executed_lines": [305], "summary": {"covered_lines": 1, "num_statements": 1, "percent_covered": 100.0, "percent_covered_display": "100", "missing_lines": 0, "excluded_lines": 0}, "missing_lines": [], "excluded_lines": []}, "LLMClient.reset_circuit_breakers": {"executed_lines": [308], "summary": {"covered_lines": 1, "num_statements": 1, "percent_covered": 100.0, "percent_covered_display": "100", "missing_lines": 0, "excluded_lines": 0}, "missing_lines": [], "excluded_lines": []}, "": {"executed_lines": [1, 2, 3, 4, 5, 6, 7, 8, 16, 17, 20, 21, 39, 43, 55, 59, 71, 87, 94, 103, 130, 146, 188, 230, 242, 258, 281, 304, 307], "summary": {"covered_lines": 29, "num_statements": 29, "percent_covered": 100.0, "percent_covered_display": "100", "missing_lines": 0, "excluded_lines": 0}, "missing_lines": [], "excluded_lines": []}}, "classes": {"LLMClient": {"executed_lines": [28, 29, 31, 32, 33, 34, 36, 37, 40, 41, 44, 45, 47, 48, 49, 50, 53, 56, 57, 60, 61, 63, 64, 65, 68, 69, 72, 73, 80, 81, 83, 84, 85, 88, 89, 90, 95, 101, 109, 111, 112, 113, 114, 116, 117, 118, 120, 131, 132, 133, 134, 135, 136, 137, 138, 139, 140, 141, 142, 144, 154, 155, 156, 157, 159, 160, 161, 163, 165, 166, 167, 168, 169, 171, 172, 173, 175, 176, 177, 178, 179, 180, 181, 182, 183, 184, 196, 197, 198, 199, 201, 202, 205, 207, 208, 209, 210, 211, 213, 214, 215, 217, 218, 219, 220, 221, 236, 237, 238, 239, 240, 249, 251, 252, 253, 255, 256, 264, 265, 267, 268, 271, 272, 273, 274, 275, 277, 278, 279, 287, 288, 290, 291, 294, 295, 296, 297, 298, 305, 308], "summary": {"covered_lines": 140, "num_statements": 158, "percent_covered": 88.60759493670886, "percent_covered_display": "89", "missing_lines": 18, "excluded_lines": 0}, "missing_lines": [52, 66, 67, 91, 92, 186, 203, 222, 223, 224, 225, 226, 228, 269, 292, 300, 301, 302], "excluded_lines": []}, "": {"executed_lines": [1, 2, 3, 4, 5, 6, 7, 8, 16, 17, 20, 21, 39, 43, 55, 59, 71, 87, 94, 103, 130, 146, 188, 230, 242, 258, 281, 304, 307], "summary": {"covered_lines": 29, "num_statements": 29, "percent_covered": 100.0, "percent_covered_display": "100", "missing_lines": 0, "excluded_lines": 0}, "missing_lines": [], "excluded_lines": []}}}, "promptlightning/llm/models.py": {"executed_lines": [1, 2, 4, 5, 6, 7, 8, 9, 10, 11], "summary": {"covered_lines": 10, "num_statements": 10, "percent_covered": 100.0, "percent_covered_display": "100", "missing_lines": 0, "excluded_lines": 0}, "missing_lines": [], "excluded_lines": [], "functions": {"": {"executed_lines": [1, 2, 4, 5, 6, 7, 8, 9, 10, 11], "summary": {"covered_lines": 10, "num_statements": 10, "percent_covered": 100.0, "percent_covered_display": "100", "missing_lines": 0, "excluded_lines": 0}, "missing_lines": [], "excluded_lines": []}}, "classes": {"ExecutionResult": {"executed_lines": [], "summary": {"covered_lines": 0, "num_statements": 0, "percent_covered": 100.0, "percent_covered_display": "100", "missing_lines": 0, "excluded_lines": 0}, "missing_lines": [], "excluded_lines": []}, "": {"executed_lines": [1, 2, 4, 5, 6, 7, 8, 9, 10, 11], "summary": {"covered_lines": 10, "num_statements": 10, "percent_covered": 100.0, "percent_covered_display": "100", "missing_lines": 0, "excluded_lines": 0}, "missing_lines": [], "excluded_lines": []}}}, "promptlightning/logging.py": {"executed_lines": [1, 2, 3, 4, 5, 7, 25, 33, 34, 35, 36, 37, 38, 39, 41, 42, 43, 45, 46, 47, 48, 49, 53, 58, 59, 66, 67], "summary": {"covered_lines": 27, "num_statements": 36, "percent_covered": 75.0, "percent_covered_display": "75", "missing_lines": 9, "excluded_lines": 0}, "missing_lines": [50, 51, 68, 69, 70, 71, 73, 74, 75], "excluded_lines": [], "functions": {"Logger.__init__": {"executed_lines": [35, 36, 37, 38, 39], "summary": {"covered_lines": 5, "num_statements": 5, "percent_covered": 100.0, "percent_covered_display": "100", "missing_lines": 0, "excluded_lines": 0}, "missing_lines": [], "excluded_lines": []}, "Logger._migrate_if_needed": {"executed_lines": [42, 43, 45, 46, 47, 48, 49], "summary": {"covered_lines": 7, "num_statements": 9, "percent_covered": 77.77777777777777, "percent_covered_display": "78", "missing_lines": 2, "excluded_lines": 0}, "missing_lines": [50, 51], "excluded_lines": []}, "Logger.write": {"executed_lines": [58, 59], "summary": {"covered_lines": 2, "num_statements": 2, "percent_covered": 100.0, "percent_covered_display": "100", "missing_lines": 0, "excluded_lines": 0}, "missing_lines": [], "excluded_lines": []}, "run": {"executed_lines": [], "summary": {"covered_lines": 0, "num_statements": 7, "percent_covered": 0.0, "percent_covered_display": "0", "missing_lines": 7, "excluded_lines": 0}, "missing_lines": [68, 69, 70, 71, 73, 74, 75], "excluded_lines": []}, "": {"executed_lines": [1, 2, 3, 4, 5, 7, 25, 33, 34, 41, 53, 66, 67], "summary": {"covered_lines": 13, "num_statements": 13, "percent_covered": 100.0, "percent_covered_display": "100", "missing_lines": 0, "excluded_lines": 0}, "missing_lines": [], "excluded_lines": []}}, "classes": {"Logger": {"executed_lines": [35, 36, 37, 38, 39, 42, 43, 45, 46, 47, 48, 49, 58, 59], "summary": {"covered_lines": 14, "num_statements": 16, "percent_covered": 87.5, "percent_covered_display": "88", "missing_lines": 2, "excluded_lines": 0}, "missing_lines": [50, 51], "excluded_lines": []}, "": {"executed_lines": [1, 2, 3, 4, 5, 7, 25, 33, 34, 41, 53, 66, 67], "summary": {"covered_lines": 13, "num_statements": 20, "percent_covered": 65.0, "percent_covered_display": "65", "missing_lines": 7, "excluded_lines": 0}, "missing_lines": [68, 69, 70, 71, 73, 74, 75], "excluded_lines": []}}}, "promptlightning/model.py": {"executed_lines": [1, 2, 3, 4, 6, 7, 8, 9, 11, 12, 13, 15, 16, 17, 18, 19, 20, 21, 22, 23, 24, 25, 27, 28, 29, 31, 32, 33, 34, 35, 36, 37, 39, 40, 42, 43, 44, 46, 47, 48, 49, 51, 53, 54, 55, 56, 57, 58, 59, 60, 61, 63, 64, 69, 70, 71, 78], "summary": {"covered_lines": 57, "num_statements": 70, "percent_covered": 81.42857142857143, "percent_covered_display": "81", "missing_lines": 13, "excluded_lines": 0}, "missing_lines": [26, 62, 65, 66, 67, 68, 72, 73, 74, 75, 76, 77, 79], "excluded_lines": [], "functions": {"InputSpec.check_default": {"executed_lines": [15, 16, 17, 18, 19, 20, 21, 22, 23, 24, 25, 27, 28, 29], "summary": {"covered_lines": 14, "num_statements": 15, "percent_covered": 93.33333333333333, "percent_covered_display": "93", "missing_lines": 1, "excluded_lines": 0}, "missing_lines": [26], "excluded_lines": []}, "TemplateSpec.coerce_inputs": {"executed_lines": [40, 42, 43, 44, 46, 47, 48, 49, 51], "summary": {"covered_lines": 9, "num_statements": 9, "percent_covered": 100.0, "percent_covered_display": "100", "missing_lines": 0, "excluded_lines": 0}, "missing_lines": [], "excluded_lines": []}, "TemplateSpec._coerce_type": {"executed_lines": [55, 56, 57, 58, 59, 60, 61, 63, 64, 69, 70, 71, 78], "summary": {"covered_lines": 13, "num_statements": 25, "percent_covered": 52.0, "percent_covered_display": "52", "missing_lines": 12, "excluded_lines": 0}, "missing_lines": [62, 65, 66, 67, 68, 72, 73, 74, 75, 76, 77, 79], "excluded_lines": []}, "": {"executed_lines": [1, 2, 3, 4, 6, 7, 8, 9, 11, 12, 13, 31, 32, 33, 34, 35, 36, 37, 39, 53, 54], "summary": {"covered_lines": 21, "num_statements": 21, "percent_covered": 100.0, "percent_covered_display": "100", "missing_lines": 0, "excluded_lines": 0}, "missing_lines": [], "excluded_lines": []}}, "classes": {"InputSpec": {"executed_lines": [15, 16, 17, 18, 19, 20, 21, 22, 23, 24, 25, 27, 28, 29], "summary": {"covered_lines": 14, "num_statements": 15, "percent_covered": 93.33333333333333, "percent_covered_display": "93", "missing_lines": 1, "excluded_lines": 0}, "missing_lines": [26], "excluded_lines": []}, "TemplateSpec": {"executed_lines": [40, 42, 43, 44, 46, 47, 48, 49, 51, 55, 56, 57, 58, 59, 60, 61, 63, 64, 69, 70, 71, 78], "summary": {"covered_lines": 22, "num_statements": 34, "percent_covered": 64.70588235294117, "percent_covered_display": "65", "missing_lines": 12, "excluded_lines": 0}, "missing_lines": [62, 65, 66, 67, 68, 72, 73, 74, 75, 76, 77, 79], "excluded_lines": []}, "": {"executed_lines": [1, 2, 3, 4, 6, 7, 8, 9, 11, 12, 13, 31, 32, 33, 34, 35, 36, 37, 39, 53, 54], "summary": {"covered_lines": 21, "num_statements": 21, "percent_covered": 100.0, "percent_covered_display": "100", "missing_lines": 0, "excluded_lines": 0}, "missing_lines": [], "excluded_lines": []}}}, "promptlightning/playground.py": {"executed_lines": [1, 8, 9, 10, 11, 12, 13, 14, 15, 16, 17, 18, 19, 20, 21, 22, 23, 24, 25, 27, 28, 29, 32, 33, 36, 37, 38, 39, 40, 41, 42, 45, 46, 47, 48, 49, 50, 53, 54, 55, 56, 57, 58, 59, 62, 63, 64, 67, 68, 69, 70, 71, 72, 73, 75, 77, 79, 81, 82, 83, 84, 86, 87, 89, 91, 92, 94, 95, 96, 109, 110, 116, 118, 119, 121, 122, 123, 124, 132, 133, 135, 136, 137, 138, 143, 144, 148, 149, 151, 152, 153, 155, 156, 157, 158, 159, 161, 162, 163, 169, 178, 179, 180, 182, 198, 199, 201, 203, 216, 217, 218, 220, 221, 223, 224, 304, 305, 307, 308, 309, 311, 313, 317, 318, 319, 320, 321, 322, 326, 327, 329, 330, 345, 351, 352, 354, 355, 356, 357, 358, 373, 375, 407, 408, 410, 467, 469, 471, 596, 598, 600, 601, 602, 603, 605, 615, 616, 624, 629, 633, 673, 681, 1044, 1061, 1064, 1066, 1067], "summary": {"covered_lines": 166, "num_statements": 398, "percent_covered": 41.70854271356784, "percent_covered_display": "42", "missing_lines": 232, "excluded_lines": 0}, "missing_lines": [129, 130, 145, 146, 219, 226, 227, 228, 229, 230, 231, 233, 234, 235, 237, 238, 239, 240, 246, 248, 250, 259, 260, 261, 263, 279, 280, 282, 284, 297, 298, 299, 300, 301, 302, 323, 324, 370, 371, 376, 377, 379, 380, 381, 383, 385, 386, 387, 388, 389, 390, 391, 392, 393, 395, 403, 405, 617, 618, 619, 620, 621, 622, 626, 627, 631, 634, 635, 636, 638, 639, 644, 646, 648, 649, 664, 665, 667, 668, 669, 670, 671, 674, 675, 676, 678, 679, 682, 688, 696, 698, 699, 700, 701, 702, 703, 704, 705, 706, 708, 709, 710, 711, 712, 717, 718, 720, 721, 722, 723, 724, 725, 737, 742, 743, 744, 745, 747, 748, 749, 750, 751, 753, 754, 755, 756, 757, 759, 760, 761, 767, 776, 777, 779, 795, 796, 797, 799, 812, 813, 814, 815, 816, 817, 819, 820, 821, 822, 823, 824, 825, 826, 828, 829, 830, 832, 833, 834, 835, 841, 843, 845, 854, 855, 857, 873, 874, 875, 877, 890, 891, 892, 893, 894, 895, 897, 898, 899, 900, 901, 902, 904, 908, 909, 910, 911, 912, 913, 914, 915, 917, 918, 919, 920, 935, 941, 942, 943, 944, 945, 955, 956, 958, 960, 961, 962, 964, 965, 966, 968, 970, 971, 972, 973, 974, 975, 976, 977, 978, 980, 988, 990, 992, 993, 994, 1042, 1046, 1047, 1048, 1049, 1051, 1065], "excluded_lines": [], "functions": {"PlaygroundServer.__init__": {"executed_lines": [69, 70, 71, 72, 73], "summary": {"covered_lines": 5, "num_statements": 5, "percent_covered": 100.0, "percent_covered_display": "100", "missing_lines": 0, "excluded_lines": 0}, "missing_lines": [], "excluded_lines": []}, "PlaygroundServer._get_vault_hash": {"executed_lines": [77], "summary": {"covered_lines": 1, "num_statements": 1, "percent_covered": 100.0, "percent_covered_display": "100", "missing_lines": 0, "excluded_lines": 0}, "missing_lines": [], "excluded_lines": []}, "PlaygroundServer._invalidate_cache": {"executed_lines": [81, 82, 83, 84], "summary": {"covered_lines": 4, "num_statements": 4, "percent_covered": 100.0, "percent_covered_display": "100", "missing_lines": 0, "excluded_lines": 0}, "missing_lines": [], "excluded_lines": []}, "PlaygroundServer._get_template_list_cached": {"executed_lines": [89], "summary": {"covered_lines": 1, "num_statements": 1, "percent_covered": 100.0, "percent_covered_display": "100", "missing_lines": 0, "excluded_lines": 0}, "missing_lines": [], "excluded_lines": []}, "PlaygroundServer._get_template_cached": {"executed_lines": [94, 95, 96], "summary": {"covered_lines": 3, "num_statements": 3, "percent_covered": 100.0, "percent_covered_display": "100", "missing_lines": 0, "excluded_lines": 0}, "missing_lines": [], "excluded_lines": []}, "PlaygroundServer._create_app": {"executed_lines": [110, 116, 118, 119, 132, 133, 148, 149, 223, 224, 304, 305, 326, 327, 351, 352, 373, 375, 407, 408, 410, 467], "summary": {"covered_lines": 22, "num_statements": 25, "percent_covered": 88.0, "percent_covered_display": "88", "missing_lines": 3, "excluded_lines": 0}, "missing_lines": [376, 377, 405], "excluded_lines": []}, "PlaygroundServer._create_app.list_templates": {"executed_lines": [121, 122, 123, 124], "summary": {"covered_lines": 4, "num_statements": 6, "percent_covered": 66.66666666666667, "percent_covered_display": "67", "missing_lines": 2, "excluded_lines": 0}, "missing_lines": [129, 130], "excluded_lines": []}, "PlaygroundServer._create_app.get_template": {"executed_lines": [135, 136, 137, 138, 143, 144], "summary": {"covered_lines": 6, "num_statements": 8, "percent_covered": 75.0, "percent_covered_display": "75", "missing_lines": 2, "excluded_lines": 0}, "missing_lines": [145, 146], "excluded_lines": []}, "PlaygroundServer._create_app.create_template": {"executed_lines": [151, 152, 153, 155, 156, 157, 158, 159, 161, 162, 163, 169, 178, 179, 180, 182, 198, 199, 201, 203, 216, 217, 218, 220, 221], "summary": {"covered_lines": 25, "num_statements": 26, "percent_covered": 96.15384615384616, "percent_covered_display": "96", "missing_lines": 1, "excluded_lines": 0}, "missing_lines": [219], "excluded_lines": []}, "PlaygroundServer._create_app.update_template": {"executed_lines": [], "summary": {"covered_lines": 0, "num_statements": 30, "percent_covered": 0.0, "percent_covered_display": "0", "missing_lines": 30, "excluded_lines": 0}, "missing_lines": [226, 227, 228, 229, 230, 231, 233, 234, 235, 237, 238, 239, 240, 246, 248, 250, 259, 260, 261, 263, 279, 280, 282, 284, 297, 298, 299, 300, 301, 302], "excluded_lines": []}, "PlaygroundServer._create_app.render_template": {"executed_lines": [307, 308, 309, 311, 313, 317, 318, 319, 320, 321, 322], "summary": {"covered_lines": 11, "num_statements": 13, "percent_covered": 84.61538461538461, "percent_covered_display": "85", "missing_lines": 2, "excluded_lines": 0}, "missing_lines": [323, 324], "excluded_lines": []}, "PlaygroundServer._create_app.get_example_templates": {"executed_lines": [329, 330, 345], "summary": {"covered_lines": 3, "num_statements": 3, "percent_covered": 100.0, "percent_covered_display": "100", "missing_lines": 0, "excluded_lines": 0}, "missing_lines": [], "excluded_lines": []}, "PlaygroundServer._create_app.health_check": {"executed_lines": [354, 355, 356, 357, 358], "summary": {"covered_lines": 5, "num_statements": 7, "percent_covered": 71.42857142857143, "percent_covered_display": "71", "missing_lines": 2, "excluded_lines": 0}, "missing_lines": [370, 371], "excluded_lines": []}, "PlaygroundServer._create_app.serve_static": {"executed_lines": [], "summary": {"covered_lines": 0, "num_statements": 15, "percent_covered": 0.0, "percent_covered_display": "0", "missing_lines": 15, "excluded_lines": 0}, "missing_lines": [379, 380, 381, 383, 385, 386, 387, 388, 389, 390, 391, 392, 393, 395, 403], "excluded_lines": []}, "PlaygroundServer._get_example_templates": {"executed_lines": [471, 596], "summary": {"covered_lines": 2, "num_statements": 2, "percent_covered": 100.0, "percent_covered_display": "100", "missing_lines": 0, "excluded_lines": 0}, "missing_lines": [], "excluded_lines": []}, "PlaygroundServer.run": {"executed_lines": [600, 601, 602, 603, 605], "summary": {"covered_lines": 5, "num_statements": 5, "percent_covered": 100.0, "percent_covered_display": "100", "missing_lines": 0, "excluded_lines": 0}, "missing_lines": [], "excluded_lines": []}, "DemoPlaygroundServer.__init__": {"executed_lines": [], "summary": {"covered_lines": 0, "num_statements": 6, "percent_covered": 0.0, "percent_covered_display": "0", "missing_lines": 6, "excluded_lines": 0}, "missing_lines": [617, 618, 619, 620, 621, 622], "excluded_lines": []}, "DemoPlaygroundServer._get_session_cache_key": {"executed_lines": [], "summary": {"covered_lines": 0, "num_statements": 2, "percent_covered": 0.0, "percent_covered_display": "0", "missing_lines": 2, "excluded_lines": 0}, "missing_lines": [626, 627], "excluded_lines": []}, "DemoPlaygroundServer._invalidate_session_cache": {"executed_lines": [], "summary": {"covered_lines": 0, "num_statements": 1, "percent_covered": 0.0, "percent_covered_display": "0", "missing_lines": 1, "excluded_lines": 0}, "missing_lines": [631], "excluded_lines": []}, "DemoPlaygroundServer._create_session_vault": {"executed_lines": [], "summary": {"covered_lines": 0, "num_statements": 16, "percent_covered": 0.0, "percent_covered_display": "0", "missing_lines": 16, "excluded_lines": 0}, "missing_lines": [634, 635, 636, 638, 639, 644, 646, 648, 649, 664, 665, 667, 668, 669, 670, 671], "excluded_lines": []}, "DemoPlaygroundServer._get_or_create_session": {"executed_lines": [], "summary": {"covered_lines": 0, "num_statements": 5, "percent_covered": 0.0, "percent_covered_display": "0", "missing_lines": 5, "excluded_lines": 0}, "missing_lines": [674, 675, 676, 678, 679], "excluded_lines": []}, "DemoPlaygroundServer._create_demo_app": {"executed_lines": [], "summary": {"covered_lines": 0, "num_statements": 28, "percent_covered": 0.0, "percent_covered_display": "0", "missing_lines": 28, "excluded_lines": 0}, "missing_lines": [682, 688, 696, 698, 699, 708, 709, 720, 721, 747, 748, 819, 820, 897, 898, 917, 918, 941, 942, 958, 960, 961, 962, 990, 992, 993, 994, 1042], "excluded_lines": []}, "DemoPlaygroundServer._create_demo_app.session_middleware": {"executed_lines": [], "summary": {"covered_lines": 0, "num_statements": 7, "percent_covered": 0.0, "percent_covered_display": "0", "missing_lines": 7, "excluded_lines": 0}, "missing_lines": [700, 701, 702, 703, 704, 705, 706], "excluded_lines": []}, "DemoPlaygroundServer._create_demo_app.list_templates": {"executed_lines": [], "summary": {"covered_lines": 0, "num_statements": 5, "percent_covered": 0.0, "percent_covered_display": "0", "missing_lines": 5, "excluded_lines": 0}, "missing_lines": [710, 711, 712, 717, 718], "excluded_lines": []}, "DemoPlaygroundServer._create_demo_app.get_template": {"executed_lines": [], "summary": {"covered_lines": 0, "num_statements": 9, "percent_covered": 0.0, "percent_covered_display": "0", "missing_lines": 9, "excluded_lines": 0}, "missing_lines": [722, 723, 724, 725, 737, 742, 743, 744, 745], "excluded_lines": []}, "DemoPlaygroundServer._create_demo_app.create_template": {"executed_lines": [], "summary": {"covered_lines": 0, "num_statements": 25, "percent_covered": 0.0, "percent_covered_display": "0", "missing_lines": 25, "excluded_lines": 0}, "missing_lines": [749, 750, 751, 753, 754, 755, 756, 757, 759, 760, 761, 767, 776, 777, 779, 795, 796, 797, 799, 812, 813, 814, 815, 816, 817], "excluded_lines": []}, "DemoPlaygroundServer._create_demo_app.update_template": {"executed_lines": [], "summary": {"covered_lines": 0, "num_statements": 29, "percent_covered": 0.0, "percent_covered_display": "0", "missing_lines": 29, "excluded_lines": 0}, "missing_lines": [821, 822, 823, 824, 825, 826, 828, 829, 830, 832, 833, 834, 835, 841, 843, 845, 854, 855, 857, 873, 874, 875, 877, 890, 891, 892, 893, 894, 895], "excluded_lines": []}, "DemoPlaygroundServer._create_demo_app.render_template": {"executed_lines": [], "summary": {"covered_lines": 0, "num_statements": 13, "percent_covered": 0.0, "percent_covered_display": "0", "missing_lines": 13, "excluded_lines": 0}, "missing_lines": [899, 900, 901, 902, 904, 908, 909, 910, 911, 912, 913, 914, 915], "excluded_lines": []}, "DemoPlaygroundServer._create_demo_app.get_example_templates": {"executed_lines": [], "summary": {"covered_lines": 0, "num_statements": 3, "percent_covered": 0.0, "percent_covered_display": "0", "missing_lines": 3, "excluded_lines": 0}, "missing_lines": [919, 920, 935], "excluded_lines": []}, "DemoPlaygroundServer._create_demo_app.health_check": {"executed_lines": [], "summary": {"covered_lines": 0, "num_statements": 5, "percent_covered": 0.0, "percent_covered_display": "0", "missing_lines": 5, "excluded_lines": 0}, "missing_lines": [943, 944, 945, 955, 956], "excluded_lines": []}, "DemoPlaygroundServer._create_demo_app.serve_static": {"executed_lines": [], "summary": {"covered_lines": 0, "num_statements": 15, "percent_covered": 0.0, "percent_covered_display": "0", "missing_lines": 15, "excluded_lines": 0}, "missing_lines": [964, 965, 966, 968, 970, 971, 972, 973, 974, 975, 976, 977, 978, 980, 988], "excluded_lines": []}, "DemoPlaygroundServer.run": {"executed_lines": [], "summary": {"covered_lines": 0, "num_statements": 5, "percent_covered": 0.0, "percent_covered_display": "0", "missing_lines": 5, "excluded_lines": 0}, "missing_lines": [1046, 1047, 1048, 1049, 1051], "excluded_lines": []}, "create_playground": {"executed_lines": [1064, 1066, 1067], "summary": {"covered_lines": 3, "num_statements": 4, "percent_covered": 75.0, "percent_covered_display": "75", "missing_lines": 1, "excluded_lines": 0}, "missing_lines": [1065], "excluded_lines": []}, "": {"executed_lines": [1, 8, 9, 10, 11, 12, 13, 14, 15, 16, 17, 18, 19, 20, 21, 22, 23, 24, 25, 27, 28, 29, 32, 33, 36, 37, 38, 39, 40, 41, 42, 45, 46, 47, 48, 49, 50, 53, 54, 55, 56, 57, 58, 59, 62, 63, 64, 67, 68, 75, 79, 86, 87, 91, 92, 109, 469, 598, 615, 616, 624, 629, 633, 673, 681, 1044, 1061], "summary": {"covered_lines": 66, "num_statements": 66, "percent_covered": 100.0, "percent_covered_display": "100", "missing_lines": 0, "excluded_lines": 0}, "missing_lines": [], "excluded_lines": []}}, "classes": {"RenderRequest": {"executed_lines": [], "summary": {"covered_lines": 0, "num_statements": 0, "percent_covered": 100.0, "percent_covered_display": "100", "missing_lines": 0, "excluded_lines": 0}, "missing_lines": [], "excluded_lines": []}, "CreateTemplateRequest": {"executed_lines": [], "summary": {"covered_lines": 0, "num_statements": 0, "percent_covered": 100.0, "percent_covered_display": "100", "missing_lines": 0, "excluded_lines": 0}, "missing_lines": [], "excluded_lines": []}, "UpdateTemplateRequest": {"executed_lines": [], "summary": {"covered_lines": 0, "num_statements": 0, "percent_covered": 100.0, "percent_covered_display": "100", "missing_lines": 0, "excluded_lines": 0}, "missing_lines": [], "excluded_lines": []}, "TemplateResponse": {"executed_lines": [], "summary": {"covered_lines": 0, "num_statements": 0, "percent_covered": 100.0, "percent_covered_display": "100", "missing_lines": 0, "excluded_lines": 0}, "missing_lines": [], "excluded_lines": []}, "RenderResponse": {"executed_lines": [], "summary": {"covered_lines": 0, "num_statements": 0, "percent_covered": 100.0, "percent_covered_display": "100", "missing_lines": 0, "excluded_lines": 0}, "missing_lines": [], "excluded_lines": []}, "PlaygroundServer": {"executed_lines": [69, 70, 71, 72, 73, 77, 81, 82, 83, 84, 89, 94, 95, 96, 110, 116, 118, 119, 121, 122, 123, 124, 132, 133, 135, 136, 137, 138, 143, 144, 148, 149, 151, 152, 153, 155, 156, 157, 158, 159, 161, 162, 163, 169, 178, 179, 180, 182, 198, 199, 201, 203, 216, 217, 218, 220, 221, 223, 224, 304, 305, 307, 308, 309, 311, 313, 317, 318, 319, 320, 321, 322, 326, 327, 329, 330, 345, 351, 352, 354, 355, 356, 357, 358, 373, 375, 407, 408, 410, 467, 471, 596, 600, 601, 602, 603, 605], "summary": {"covered_lines": 97, "num_statements": 154, "percent_covered": 62.98701298701299, "percent_covered_display": "63", "missing_lines": 57, "excluded_lines": 0}, "missing_lines": [129, 130, 145, 146, 219, 226, 227, 228, 229, 230, 231, 233, 234, 235, 237, 238, 239, 240, 246, 248, 250, 259, 260, 261, 263, 279, 280, 282, 284, 297, 298, 299, 300, 301, 302, 323, 324, 370, 371, 376, 377, 379, 380, 381, 383, 385, 386, 387, 388, 389, 390, 391, 392, 393, 395, 403, 405], "excluded_lines": []}, "DemoPlaygroundServer": {"executed_lines": [], "summary": {"covered_lines": 0, "num_statements": 174, "percent_covered": 0.0, "percent_covered_display": "0", "missing_lines": 174, "excluded_lines": 0}, "missing_lines": [617, 618, 619, 620, 621, 622, 626, 627, 631, 634, 635, 636, 638, 639, 644, 646, 648, 649, 664, 665, 667, 668, 669, 670, 671, 674, 675, 676, 678, 679, 682, 688, 696, 698, 699, 700, 701, 702, 703, 704, 705, 706, 708, 709, 710, 711, 712, 717, 718, 720, 721, 722, 723, 724, 725, 737, 742, 743, 744, 745, 747, 748, 749, 750, 751, 753, 754, 755, 756, 757, 759, 760, 761, 767, 776, 777, 779, 795, 796, 797, 799, 812, 813, 814, 815, 816, 817, 819, 820, 821, 822, 823, 824, 825, 826, 828, 829, 830, 832, 833, 834, 835, 841, 843, 845, 854, 855, 857, 873, 874, 875, 877, 890, 891, 892, 893, 894, 895, 897, 898, 899, 900, 901, 902, 904, 908, 909, 910, 911, 912, 913, 914, 915, 917, 918, 919, 920, 935, 941, 942, 943, 944, 945, 955, 956, 958, 960, 961, 962, 964, 965, 966, 968, 970, 971, 972, 973, 974, 975, 976, 977, 978, 980, 988, 990, 992, 993, 994, 1042, 1046, 1047, 1048, 1049, 1051], "excluded_lines": []}, "": {"executed_lines": [1, 8, 9, 10, 11, 12, 13, 14, 15, 16, 17, 18, 19, 20, 21, 22, 23, 24, 25, 27, 28, 29, 32, 33, 36, 37, 38, 39, 40, 41, 42, 45, 46, 47, 48, 49, 50, 53, 54, 55, 56, 57, 58, 59, 62, 63, 64, 67, 68, 75, 79, 86, 87, 91, 92, 109, 469, 598, 615, 616, 624, 629, 633, 673, 681, 1044, 1061, 1064, 1066, 1067], "summary": {"covered_lines": 69, "num_statements": 70, "percent_covered": 98.57142857142857, "percent_covered_display": "99", "missing_lines": 1, "excluded_lines": 0}, "missing_lines": [1065], "excluded_lines": []}}}, "promptlightning/registry/base.py": {"executed_lines": [1, 2, 3, 4, 6, 7, 8, 9, 10], "summary": {"covered_lines": 5, "num_statements": 5, "percent_covered": 100.0, "percent_covered_display": "100", "missing_lines": 0, "excluded_lines": 5}, "missing_lines": [], "excluded_lines": [7, 8, 9, 10, 11], "functions": {"Registry.list_ids": {"executed_lines": [8], "summary": {"covered_lines": 0, "num_statements": 0, "percent_covered": 100.0, "percent_covered_display": "100", "missing_lines": 0, "excluded_lines": 1}, "missing_lines": [], "excluded_lines": [8]}, "Registry.load": {"executed_lines": [10], "summary": {"covered_lines": 0, "num_statements": 0, "percent_covered": 100.0, "percent_covered_display": "100", "missing_lines": 0, "excluded_lines": 1}, "missing_lines": [], "excluded_lines": [10]}, "": {"executed_lines": [1, 2, 3, 4, 6, 7, 9], "summary": {"covered_lines": 5, "num_statements": 5, "percent_covered": 100.0, "percent_covered_display": "100", "missing_lines": 0, "excluded_lines": 2}, "missing_lines": [], "excluded_lines": [7, 9]}}, "classes": {"Registry": {"executed_lines": [8, 10], "summary": {"covered_lines": 0, "num_statements": 0, "percent_covered": 100.0, "percent_covered_display": "100", "missing_lines": 0, "excluded_lines": 2}, "missing_lines": [], "excluded_lines": [8, 10]}, "": {"executed_lines": [1, 2, 3, 4, 6, 7, 9], "summary": {"covered_lines": 5, "num_statements": 5, "percent_covered": 100.0, "percent_covered_display": "100", "missing_lines": 0, "excluded_lines": 2}, "missing_lines": [], "excluded_lines": [7, 9]}}}, "promptlightning/registry/lmdb_registry.py": {"executed_lines": [1, 2, 3, 4, 5, 6, 7, 8, 9, 11, 12, 13, 14, 15, 16, 17, 18, 19, 21, 22, 23, 25, 27, 28, 41, 42, 43, 48, 49, 50, 51, 52, 53, 54, 58, 59, 60, 61, 62, 63, 65, 66, 68, 69, 71, 72, 78, 79, 80, 81, 82, 83, 84, 86, 87, 88, 90, 91, 92, 93, 95, 96, 98, 99, 100, 107, 108, 109, 110, 112, 113, 114, 115, 117, 118, 119, 121, 122, 124, 125, 126, 127, 128, 130, 131, 132, 134, 135, 141, 142, 143, 144, 145, 146, 148, 149, 151, 153, 154, 160, 161, 162, 163, 164, 165, 167, 174, 175, 176, 177, 178, 179, 180, 182, 183, 184, 186, 187, 189, 190], "summary": {"covered_lines": 120, "num_statements": 142, "percent_covered": 84.50704225352112, "percent_covered_display": "85", "missing_lines": 22, "excluded_lines": 0}, "missing_lines": [45, 46, 55, 56, 73, 74, 75, 76, 102, 103, 104, 105, 136, 137, 138, 139, 155, 156, 157, 158, 171, 172], "excluded_lines": [], "functions": {"LMDBRegistry.__init__": {"executed_lines": [13, 14, 15, 16, 17, 18, 19], "summary": {"covered_lines": 7, "num_statements": 7, "percent_covered": 100.0, "percent_covered_display": "100", "missing_lines": 0, "excluded_lines": 0}, "missing_lines": [], "excluded_lines": []}, "LMDBRegistry._ensure_initialized": {"executed_lines": [22, 23, 25, 27, 28, 41, 42, 43], "summary": {"covered_lines": 8, "num_statements": 10, "percent_covered": 80.0, "percent_covered_display": "80", "missing_lines": 2, "excluded_lines": 0}, "missing_lines": [45, 46], "excluded_lines": []}, "LMDBRegistry.list_ids": {"executed_lines": [49, 50, 51, 52, 53, 54], "summary": {"covered_lines": 6, "num_statements": 8, "percent_covered": 75.0, "percent_covered_display": "75", "missing_lines": 2, "excluded_lines": 0}, "missing_lines": [55, 56], "excluded_lines": []}, "LMDBRegistry.load": {"executed_lines": [59, 60, 61, 62, 63, 65, 66, 68, 69, 71, 72], "summary": {"covered_lines": 11, "num_statements": 15, "percent_covered": 73.33333333333333, "percent_covered_display": "73", "missing_lines": 4, "excluded_lines": 0}, "missing_lines": [73, 74, 75, 76], "excluded_lines": []}, "LMDBRegistry.save": {"executed_lines": [79, 80, 81, 82, 83, 84, 86, 87, 88, 90, 91, 92, 93, 95, 96, 98, 99, 100], "summary": {"covered_lines": 18, "num_statements": 22, "percent_covered": 81.81818181818181, "percent_covered_display": "82", "missing_lines": 4, "excluded_lines": 0}, "missing_lines": [102, 103, 104, 105], "excluded_lines": []}, "LMDBRegistry.delete": {"executed_lines": [108, 109, 110, 112, 113, 114, 115, 117, 118, 119, 121, 122, 124, 125, 126, 127, 128, 130, 131, 132, 134, 135], "summary": {"covered_lines": 22, "num_statements": 26, "percent_covered": 84.61538461538461, "percent_covered_display": "85", "missing_lines": 4, "excluded_lines": 0}, "missing_lines": [136, 137, 138, 139], "excluded_lines": []}, "LMDBRegistry.get_by_version": {"executed_lines": [142, 143, 144, 145, 146, 148, 149, 151, 153, 154], "summary": {"covered_lines": 10, "num_statements": 14, "percent_covered": 71.42857142857143, "percent_covered_display": "71", "missing_lines": 4, "excluded_lines": 0}, "missing_lines": [155, 156, 157, 158], "excluded_lines": []}, "LMDBRegistry.get_metadata": {"executed_lines": [161, 162, 163, 164, 165, 167], "summary": {"covered_lines": 6, "num_statements": 8, "percent_covered": 75.0, "percent_covered_display": "75", "missing_lines": 2, "excluded_lines": 0}, "missing_lines": [171, 172], "excluded_lines": []}, "LMDBRegistry.close": {"executed_lines": [175, 176, 177, 178, 179, 180], "summary": {"covered_lines": 6, "num_statements": 6, "percent_covered": 100.0, "percent_covered_display": "100", "missing_lines": 0, "excluded_lines": 0}, "missing_lines": [], "excluded_lines": []}, "LMDBRegistry.__enter__": {"executed_lines": [183, 184], "summary": {"covered_lines": 2, "num_statements": 2, "percent_covered": 100.0, "percent_covered_display": "100", "missing_lines": 0, "excluded_lines": 0}, "missing_lines": [], "excluded_lines": []}, "LMDBRegistry.__exit__": {"executed_lines": [187], "summary": {"covered_lines": 1, "num_statements": 1, "percent_covered": 100.0, "percent_covered_display": "100", "missing_lines": 0, "excluded_lines": 0}, "missing_lines": [], "excluded_lines": []}, "LMDBRegistry.__del__": {"executed_lines": [190], "summary": {"covered_lines": 1, "num_statements": 1, "percent_covered": 100.0, "percent_covered_display": "100", "missing_lines": 0, "excluded_lines": 0}, "missing_lines": [], "excluded_lines": []}, "": {"executed_lines": [1, 2, 3, 4, 5, 6, 7, 8, 9, 11, 12, 21, 48, 58, 78, 107, 141, 160, 174, 182, 186, 189], "summary": {"covered_lines": 22, "num_statements": 22, "percent_covered": 100.0, "percent_covered_display": "100", "missing_lines": 0, "excluded_lines": 0}, "missing_lines": [], "excluded_lines": []}}, "classes": {"LMDBRegistry": {"executed_lines": [13, 14, 15, 16, 17, 18, 19, 22, 23, 25, 27, 28, 41, 42, 43, 49, 50, 51, 52, 53, 54, 59, 60, 61, 62, 63, 65, 66, 68, 69, 71, 72, 79, 80, 81, 82, 83, 84, 86, 87, 88, 90, 91, 92, 93, 95, 96, 98, 99, 100, 108, 109, 110, 112, 113, 114, 115, 117, 118, 119, 121, 122, 124, 125, 126, 127, 128, 130, 131, 132, 134, 135, 142, 143, 144, 145, 146, 148, 149, 151, 153, 154, 161, 162, 163, 164, 165, 167, 175, 176, 177, 178, 179, 180, 183, 184, 187, 190], "summary": {"covered_lines": 98, "num_statements": 120, "percent_covered": 81.66666666666667, "percent_covered_display": "82", "missing_lines": 22, "excluded_lines": 0}, "missing_lines": [45, 46, 55, 56, 73, 74, 75, 76, 102, 103, 104, 105, 136, 137, 138, 139, 155, 156, 157, 158, 171, 172], "excluded_lines": []}, "": {"executed_lines": [1, 2, 3, 4, 5, 6, 7, 8, 9, 11, 12, 21, 48, 58, 78, 107, 141, 160, 174, 182, 186, 189], "summary": {"covered_lines": 22, "num_statements": 22, "percent_covered": 100.0, "percent_covered_display": "100", "missing_lines": 0, "excluded_lines": 0}, "missing_lines": [], "excluded_lines": []}}}, "promptlightning/registry/local.py": {"executed_lines": [1, 2, 3, 4, 5, 6, 8, 9, 10, 11, 14, 15, 16, 17, 18, 19, 20, 24, 25, 26, 27, 28, 29, 32], "summary": {"covered_lines": 24, "num_statements": 29, "percent_covered": 82.75862068965517, "percent_covered_display": "83", "missing_lines": 5, "excluded_lines": 0}, "missing_lines": [12, 21, 22, 30, 31], "excluded_lines": [], "functions": {"LocalRegistry.__init__": {"executed_lines": [10, 11], "summary": {"covered_lines": 2, "num_statements": 3, "percent_covered": 66.66666666666667, "percent_covered_display": "67", "missing_lines": 1, "excluded_lines": 0}, "missing_lines": [12], "excluded_lines": []}, "LocalRegistry.list_ids": {"executed_lines": [15, 16, 17, 18, 19, 20], "summary": {"covered_lines": 6, "num_statements": 8, "percent_covered": 75.0, "percent_covered_display": "75", "missing_lines": 2, "excluded_lines": 0}, "missing_lines": [21, 22], "excluded_lines": []}, "LocalRegistry.load": {"executed_lines": [25, 26, 27, 28, 29, 32], "summary": {"covered_lines": 6, "num_statements": 8, "percent_covered": 75.0, "percent_covered_display": "75", "missing_lines": 2, "excluded_lines": 0}, "missing_lines": [30, 31], "excluded_lines": []}, "": {"executed_lines": [1, 2, 3, 4, 5, 6, 8, 9, 14, 24], "summary": {"covered_lines": 10, "num_statements": 10, "percent_covered": 100.0, "percent_covered_display": "100", "missing_lines": 0, "excluded_lines": 0}, "missing_lines": [], "excluded_lines": []}}, "classes": {"LocalRegistry": {"executed_lines": [10, 11, 15, 16, 17, 18, 19, 20, 25, 26, 27, 28, 29, 32], "summary": {"covered_lines": 14, "num_statements": 19, "percent_covered": 73.6842105263158, "percent_covered_display": "74", "missing_lines": 5, "excluded_lines": 0}, "missing_lines": [12, 21, 22, 30, 31], "excluded_lines": []}, "": {"executed_lines": [1, 2, 3, 4, 5, 6, 8, 9, 14, 24], "summary": {"covered_lines": 10, "num_statements": 10, "percent_covered": 100.0, "percent_covered_display": "100", "missing_lines": 0, "excluded_lines": 0}, "missing_lines": [], "excluded_lines": []}}}, "promptlightning/registry/migrate.py": {"executed_lines": [1, 2, 3, 4, 5, 6, 8, 15, 16, 18, 19, 24, 25, 27, 28, 29, 31, 32, 33, 35, 38, 39, 40, 41, 42, 43, 51, 53, 61, 66, 71, 76, 77, 78, 80, 81, 83, 84, 86, 87, 88, 90, 93, 94, 95, 96, 98, 99, 100, 113, 115, 128, 135], "summary": {"covered_lines": 53, "num_statements": 83, "percent_covered": 63.855421686746986, "percent_covered_display": "64", "missing_lines": 30, "excluded_lines": 0}, "missing_lines": [36, 44, 45, 46, 47, 48, 49, 62, 63, 64, 68, 69, 91, 101, 103, 104, 105, 106, 107, 108, 109, 110, 111, 129, 130, 131, 132, 133, 137, 138], "excluded_lines": [], "functions": {"migrate_local_to_lmdb": {"executed_lines": [15, 16, 18, 19, 24, 25, 27, 28, 29, 31, 32, 33, 35, 38, 39, 40, 41, 42, 43, 51, 53, 61, 66], "summary": {"covered_lines": 23, "num_statements": 35, "percent_covered": 65.71428571428571, "percent_covered_display": "66", "missing_lines": 12, "excluded_lines": 0}, "missing_lines": [36, 44, 45, 46, 47, 48, 49, 62, 63, 64, 68, 69], "excluded_lines": []}, "verify_migration": {"executed_lines": [76, 77, 78, 80, 81, 83, 84, 86, 87, 88, 90, 93, 94, 95, 96, 98, 99, 100, 113, 115, 128, 135], "summary": {"covered_lines": 22, "num_statements": 40, "percent_covered": 55.0, "percent_covered_display": "55", "missing_lines": 18, "excluded_lines": 0}, "missing_lines": [91, 101, 103, 104, 105, 106, 107, 108, 109, 110, 111, 129, 130, 131, 132, 133, 137, 138], "excluded_lines": []}, "": {"executed_lines": [1, 2, 3, 4, 5, 6, 8, 71], "summary": {"covered_lines": 8, "num_statements": 8, "percent_covered": 100.0, "percent_covered_display": "100", "missing_lines": 0, "excluded_lines": 0}, "missing_lines": [], "excluded_lines": []}}, "classes": {"": {"executed_lines": [1, 2, 3, 4, 5, 6, 8, 15, 16, 18, 19, 24, 25, 27, 28, 29, 31, 32, 33, 35, 38, 39, 40, 41, 42, 43, 51, 53, 61, 66, 71, 76, 77, 78, 80, 81, 83, 84, 86, 87, 88, 90, 93, 94, 95, 96, 98, 99, 100, 113, 115, 128, 135], "summary": {"covered_lines": 53, "num_statements": 83, "percent_covered": 63.855421686746986, "percent_covered_display": "64", "missing_lines": 30, "excluded_lines": 0}, "missing_lines": [36, 44, 45, 46, 47, 48, 49, 62, 63, 64, 68, 69, 91, 101, 103, 104, 105, 106, 107, 108, 109, 110, 111, 129, 130, 131, 132, 133, 137, 138], "excluded_lines": []}}}, "promptlightning/renderer.py": {"executed_lines": [1, 2, 3, 4, 5, 7, 8, 9, 14, 15, 22, 38, 40, 42, 44, 53, 54, 55, 57, 58, 60, 61, 62, 63, 64, 66, 87, 100, 119, 136], "summary": {"covered_lines": 29, "num_statements": 67, "percent_covered": 43.28358208955224, "percent_covered_display": "43", "missing_lines": 38, "excluded_lines": 0}, "missing_lines": [10, 11, 12, 17, 18, 19, 20, 24, 25, 27, 28, 29, 30, 31, 32, 34, 35, 36, 75, 76, 77, 79, 80, 82, 83, 85, 98, 113, 114, 115, 116, 117, 125, 126, 128, 138, 139, 140], "excluded_lines": [], "functions": {"_yaml_dump_cached": {"executed_lines": [], "summary": {"covered_lines": 0, "num_statements": 4, "percent_covered": 0.0, "percent_covered_display": "0", "missing_lines": 4, "excluded_lines": 0}, "missing_lines": [17, 18, 19, 20], "excluded_lines": []}, "_yaml_dump": {"executed_lines": [], "summary": {"covered_lines": 0, "num_statements": 11, "percent_covered": 0.0, "percent_covered_display": "0", "missing_lines": 11, "excluded_lines": 0}, "missing_lines": [24, 25, 27, 28, 29, 30, 31, 32, 34, 35, 36], "excluded_lines": []}, "_default_filter": {"executed_lines": [40], "summary": {"covered_lines": 1, "num_statements": 1, "percent_covered": 100.0, "percent_covered_display": "100", "missing_lines": 0, "excluded_lines": 0}, "missing_lines": [], "excluded_lines": []}, "make_env": {"executed_lines": [44, 53, 54, 55], "summary": {"covered_lines": 4, "num_statements": 4, "percent_covered": 100.0, "percent_covered_display": "100", "missing_lines": 0, "excluded_lines": 0}, "missing_lines": [], "excluded_lines": []}, "Renderer.__init__": {"executed_lines": [61, 62, 63, 64], "summary": {"covered_lines": 4, "num_statements": 4, "percent_covered": 100.0, "percent_covered_display": "100", "missing_lines": 0, "excluded_lines": 0}, "missing_lines": [], "excluded_lines": []}, "Renderer.compile": {"executed_lines": [], "summary": {"covered_lines": 0, "num_statements": 8, "percent_covered": 0.0, "percent_covered_display": "0", "missing_lines": 8, "excluded_lines": 0}, "missing_lines": [75, 76, 77, 79, 80, 82, 83, 85], "excluded_lines": []}, "Renderer.precompile": {"executed_lines": [], "summary": {"covered_lines": 0, "num_statements": 1, "percent_covered": 0.0, "percent_covered_display": "0", "missing_lines": 1, "excluded_lines": 0}, "missing_lines": [98], "excluded_lines": []}, "Renderer.render": {"executed_lines": [], "summary": {"covered_lines": 0, "num_statements": 5, "percent_covered": 0.0, "percent_covered_display": "0", "missing_lines": 5, "excluded_lines": 0}, "missing_lines": [113, 114, 115, 116, 117], "excluded_lines": []}, "Renderer.get_cache_stats": {"executed_lines": [], "summary": {"covered_lines": 0, "num_statements": 3, "percent_covered": 0.0, "percent_covered_display": "0", "missing_lines": 3, "excluded_lines": 0}, "missing_lines": [125, 126, 128], "excluded_lines": []}, "Renderer.clear_cache": {"executed_lines": [], "summary": {"covered_lines": 0, "num_statements": 3, "percent_covered": 0.0, "percent_covered_display": "0", "missing_lines": 3, "excluded_lines": 0}, "missing_lines": [138, 139, 140], "excluded_lines": []}, "": {"executed_lines": [1, 2, 3, 4, 5, 7, 8, 9, 14, 15, 22, 38, 42, 57, 58, 60, 66, 87, 100, 119, 136], "summary": {"covered_lines": 20, "num_statements": 23, "percent_covered": 86.95652173913044, "percent_covered_display": "87", "missing_lines": 3, "excluded_lines": 0}, "missing_lines": [10, 11, 12], "excluded_lines": []}}, "classes": {"Renderer": {"executed_lines": [61, 62, 63, 64], "summary": {"covered_lines": 4, "num_statements": 24, "percent_covered": 16.666666666666668, "percent_covered_display": "17", "missing_lines": 20, "excluded_lines": 0}, "missing_lines": [75, 76, 77, 79, 80, 82, 83, 85, 98, 113, 114, 115, 116, 117, 125, 126, 128, 138, 139, 140], "excluded_lines": []}, "": {"executed_lines": [1, 2, 3, 4, 5, 7, 8, 9, 14, 15, 22, 38, 40, 42, 44, 53, 54, 55, 57, 58, 60, 66, 87, 100, 119, 136], "summary": {"covered_lines": 25, "num_statements": 43, "percent_covered": 58.13953488372093, "percent_covered_display": "58", "missing_lines": 18, "excluded_lines": 0}, "missing_lines": [10, 11, 12, 17, 18, 19, 20, 24, 25, 27, 28, 29, 30, 31, 32, 34, 35, 36], "excluded_lines": []}}}, "promptlightning/types.py": {"executed_lines": [1, 2, 4], "summary": {"covered_lines": 3, "num_statements": 3, "percent_covered": 100.0, "percent_covered_display": "100", "missing_lines": 0, "excluded_lines": 0}, "missing_lines": [], "excluded_lines": [], "functions": {"": {"executed_lines": [1, 2, 4], "summary": {"covered_lines": 3, "num_statements": 3, "percent_covered": 100.0, "percent_covered_display": "100", "missing_lines": 0, "excluded_lines": 0}, "missing_lines": [], "excluded_lines": []}}, "classes": {"": {"executed_lines": [1, 2, 4], "summary": {"covered_lines": 3, "num_statements": 3, "percent_covered": 100.0, "percent_covered_display": "100", "missing_lines": 0, "excluded_lines": 0}, "missing_lines": [], "excluded_lines": []}}}, "promptlightning/vault.py": {"executed_lines": [1, 2, 3, 4, 5, 6, 7, 9, 10, 11, 12, 13, 14, 15, 16, 19, 20, 24, 25, 26, 27, 29, 30, 31, 32, 33, 34, 36, 37, 38, 39, 41, 42, 45, 46, 47, 49, 53, 54, 58, 59, 60, 61, 63, 64, 65, 66, 70, 71, 72, 73, 75, 76, 79, 80, 81, 83, 87, 88, 105, 112, 115, 118, 119, 120, 122, 123, 125, 129, 130, 132, 136, 137, 139, 140, 141, 142, 144, 145, 147, 148, 149, 150, 152, 154, 157, 159, 161, 162, 164, 166, 167, 168, 169, 171, 178, 179, 180, 182, 183, 188, 189, 190, 191, 192, 193, 195, 227, 232, 234, 235, 236, 238, 240, 241, 243, 245, 247, 248, 250, 252, 254, 256, 259, 262, 263, 264, 269, 270, 271, 272, 273, 275, 276, 277, 278, 279, 280, 282, 287, 288, 289, 290, 291, 292, 293, 294, 295, 297, 315, 316, 318, 319, 320, 322, 323, 324, 325, 327, 328, 329, 333, 335, 336, 350, 352], "summary": {"covered_lines": 163, "num_statements": 216, "percent_covered": 75.46296296296296, "percent_covered_display": "75", "missing_lines": 53, "excluded_lines": 0}, "missing_lines": [43, 50, 67, 68, 77, 84, 113, 116, 117, 126, 127, 128, 131, 134, 153, 155, 158, 184, 185, 186, 202, 203, 205, 206, 207, 208, 210, 212, 213, 215, 216, 217, 219, 221, 222, 223, 225, 253, 257, 260, 265, 266, 330, 331, 358, 359, 360, 361, 362, 363, 364, 365, 366], "excluded_lines": [], "functions": {"LRUCache.__init__": {"executed_lines": [25, 26, 27], "summary": {"covered_lines": 3, "num_statements": 3, "percent_covered": 100.0, "percent_covered_display": "100", "missing_lines": 0, "excluded_lines": 0}, "missing_lines": [], "excluded_lines": []}, "LRUCache.get": {"executed_lines": [30, 31, 32, 33, 34], "summary": {"covered_lines": 5, "num_statements": 5, "percent_covered": 100.0, "percent_covered_display": "100", "missing_lines": 0, "excluded_lines": 0}, "missing_lines": [], "excluded_lines": []}, "LRUCache.put": {"executed_lines": [37, 38, 39, 41, 42], "summary": {"covered_lines": 5, "num_statements": 6, "percent_covered": 83.33333333333333, "percent_covered_display": "83", "missing_lines": 1, "excluded_lines": 0}, "missing_lines": [43], "excluded_lines": []}, "LRUCache.clear": {"executed_lines": [46, 47], "summary": {"covered_lines": 2, "num_statements": 2, "percent_covered": 100.0, "percent_covered_display": "100", "missing_lines": 0, "excluded_lines": 0}, "missing_lines": [], "excluded_lines": []}, "LRUCache.__len__": {"executed_lines": [], "summary": {"covered_lines": 0, "num_statements": 1, "percent_covered": 0.0, "percent_covered_display": "0", "missing_lines": 1, "excluded_lines": 0}, "missing_lines": [50], "excluded_lines": []}, "RawTemplateCache.__init__": {"executed_lines": [59, 60, 61], "summary": {"covered_lines": 3, "num_statements": 3, "percent_covered": 100.0, "percent_covered_display": "100", "missing_lines": 0, "excluded_lines": 0}, "missing_lines": [], "excluded_lines": []}, "RawTemplateCache.get": {"executed_lines": [64, 65, 66], "summary": {"covered_lines": 3, "num_statements": 5, "percent_covered": 60.0, "percent_covered_display": "60", "missing_lines": 2, "excluded_lines": 0}, "missing_lines": [67, 68], "excluded_lines": []}, "RawTemplateCache.put": {"executed_lines": [71, 72, 73, 75, 76], "summary": {"covered_lines": 5, "num_statements": 6, "percent_covered": 83.33333333333333, "percent_covered_display": "83", "missing_lines": 1, "excluded_lines": 0}, "missing_lines": [77], "excluded_lines": []}, "RawTemplateCache.clear": {"executed_lines": [80, 81], "summary": {"covered_lines": 2, "num_statements": 2, "percent_covered": 100.0, "percent_covered_display": "100", "missing_lines": 0, "excluded_lines": 0}, "missing_lines": [], "excluded_lines": []}, "RawTemplateCache.__len__": {"executed_lines": [], "summary": {"covered_lines": 0, "num_statements": 1, "percent_covered": 0.0, "percent_covered_display": "0", "missing_lines": 1, "excluded_lines": 0}, "missing_lines": [84], "excluded_lines": []}, "Vault.__init__": {"executed_lines": [112, 115, 118, 119, 120, 122, 123, 125, 129, 130, 132, 136, 137, 139, 140, 141, 142, 144, 145], "summary": {"covered_lines": 19, "num_statements": 27, "percent_covered": 70.37037037037037, "percent_covered_display": "70", "missing_lines": 8, "excluded_lines": 0}, "missing_lines": [113, 116, 117, 126, 127, 128, 131, 134], "excluded_lines": []}, "Vault._load_config": {"executed_lines": [149, 150, 152, 154, 157, 159], "summary": {"covered_lines": 6, "num_statements": 9, "percent_covered": 66.66666666666667, "percent_covered_display": "67", "missing_lines": 3, "excluded_lines": 0}, "missing_lines": [153, 155, 158], "excluded_lines": []}, "Vault.list": {"executed_lines": [162], "summary": {"covered_lines": 1, "num_statements": 1, "percent_covered": 100.0, "percent_covered_display": "100", "missing_lines": 0, "excluded_lines": 0}, "missing_lines": [], "excluded_lines": []}, "Vault.invalidate_cache": {"executed_lines": [166, 167, 168, 169], "summary": {"covered_lines": 4, "num_statements": 4, "percent_covered": 100.0, "percent_covered_display": "100", "missing_lines": 0, "excluded_lines": 0}, "missing_lines": [], "excluded_lines": []}, "Vault.get_spec": {"executed_lines": [178, 179, 180, 182, 183, 188, 189, 190, 191, 192, 193], "summary": {"covered_lines": 11, "num_statements": 14, "percent_covered": 78.57142857142857, "percent_covered_display": "79", "missing_lines": 3, "excluded_lines": 0}, "missing_lines": [184, 185, 186], "excluded_lines": []}, "Vault.get_many": {"executed_lines": [], "summary": {"covered_lines": 0, "num_statements": 15, "percent_covered": 0.0, "percent_covered_display": "0", "missing_lines": 15, "excluded_lines": 0}, "missing_lines": [202, 203, 205, 206, 207, 208, 210, 212, 213, 215, 219, 221, 222, 223, 225], "excluded_lines": []}, "Vault.get_many.load_one": {"executed_lines": [], "summary": {"covered_lines": 0, "num_statements": 2, "percent_covered": 0.0, "percent_covered_display": "0", "missing_lines": 2, "excluded_lines": 0}, "missing_lines": [216, 217], "excluded_lines": []}, "Vault.get_compiled_template": {"executed_lines": [232, 234, 235, 236, 238, 240, 241, 243], "summary": {"covered_lines": 8, "num_statements": 8, "percent_covered": 100.0, "percent_covered_display": "100", "missing_lines": 0, "excluded_lines": 0}, "missing_lines": [], "excluded_lines": []}, "Vault.get": {"executed_lines": [247, 248], "summary": {"covered_lines": 2, "num_statements": 2, "percent_covered": 100.0, "percent_covered_display": "100", "missing_lines": 0, "excluded_lines": 0}, "missing_lines": [], "excluded_lines": []}, "Vault.close": {"executed_lines": [252, 254], "summary": {"covered_lines": 2, "num_statements": 3, "percent_covered": 66.66666666666667, "percent_covered_display": "67", "missing_lines": 1, "excluded_lines": 0}, "missing_lines": [253], "excluded_lines": []}, "Vault.__enter__": {"executed_lines": [], "summary": {"covered_lines": 0, "num_statements": 1, "percent_covered": 0.0, "percent_covered_display": "0", "missing_lines": 1, "excluded_lines": 0}, "missing_lines": [257], "excluded_lines": []}, "Vault.__exit__": {"executed_lines": [], "summary": {"covered_lines": 0, "num_statements": 1, "percent_covered": 0.0, "percent_covered_display": "0", "missing_lines": 1, "excluded_lines": 0}, "missing_lines": [260], "excluded_lines": []}, "Vault.__del__": {"executed_lines": [263, 264], "summary": {"covered_lines": 2, "num_statements": 4, "percent_covered": 50.0, "percent_covered_display": "50", "missing_lines": 2, "excluded_lines": 0}, "missing_lines": [265, 266], "excluded_lines": []}, "TemplateHandle.__init__": {"executed_lines": [271, 272, 273], "summary": {"covered_lines": 3, "num_statements": 3, "percent_covered": 100.0, "percent_covered_display": "100", "missing_lines": 0, "excluded_lines": 0}, "missing_lines": [], "excluded_lines": []}, "TemplateHandle.id": {"executed_lines": [276], "summary": {"covered_lines": 1, "num_statements": 1, "percent_covered": 100.0, "percent_covered_display": "100", "missing_lines": 0, "excluded_lines": 0}, "missing_lines": [], "excluded_lines": []}, "TemplateHandle.version": {"executed_lines": [278], "summary": {"covered_lines": 1, "num_statements": 1, "percent_covered": 100.0, "percent_covered_display": "100", "missing_lines": 0, "excluded_lines": 0}, "missing_lines": [], "excluded_lines": []}, "TemplateHandle.inputs": {"executed_lines": [280], "summary": {"covered_lines": 1, "num_statements": 1, "percent_covered": 100.0, "percent_covered_display": "100", "missing_lines": 0, "excluded_lines": 0}, "missing_lines": [], "excluded_lines": []}, "TemplateHandle.render": {"executed_lines": [287, 288, 289, 290, 291, 292, 293, 294, 295], "summary": {"covered_lines": 9, "num_statements": 9, "percent_covered": 100.0, "percent_covered_display": "100", "missing_lines": 0, "excluded_lines": 0}, "missing_lines": [], "excluded_lines": []}, "TemplateHandle.execute": {"executed_lines": [315, 316, 318, 319, 320, 322, 323, 324, 325, 327, 328, 329, 333, 335, 336, 350], "summary": {"covered_lines": 16, "num_statements": 18, "percent_covered": 88.88888888888889, "percent_covered_display": "89", "missing_lines": 2, "excluded_lines": 0}, "missing_lines": [330, 331], "excluded_lines": []}, "TemplateHandle.run": {"executed_lines": [], "summary": {"covered_lines": 0, "num_statements": 9, "percent_covered": 0.0, "percent_covered_display": "0", "missing_lines": 9, "excluded_lines": 0}, "missing_lines": [358, 359, 360, 361, 362, 363, 364, 365, 366], "excluded_lines": []}, "": {"executed_lines": [1, 2, 3, 4, 5, 6, 7, 9, 10, 11, 12, 13, 14, 15, 16, 19, 20, 24, 29, 36, 45, 49, 53, 54, 58, 63, 70, 79, 83, 87, 88, 105, 147, 148, 161, 164, 171, 195, 227, 245, 250, 256, 259, 262, 269, 270, 275, 277, 279, 282, 297, 352], "summary": {"covered_lines": 49, "num_statements": 49, "percent_covered": 100.0, "percent_covered_display": "100", "missing_lines": 0, "excluded_lines": 0}, "missing_lines": [], "excluded_lines": []}}, "classes": {"LRUCache": {"executed_lines": [25, 26, 27, 30, 31, 32, 33, 34, 37, 38, 39, 41, 42, 46, 47], "summary": {"covered_lines": 15, "num_statements": 17, "percent_covered": 88.23529411764706, "percent_covered_display": "88", "missing_lines": 2, "excluded_lines": 0}, "missing_lines": [43, 50], "excluded_lines": []}, "RawTemplateCache": {"executed_lines": [59, 60, 61, 64, 65, 66, 71, 72, 73, 75, 76, 80, 81], "summary": {"covered_lines": 13, "num_statements": 17, "percent_covered": 76.47058823529412, "percent_covered_display": "76", "missing_lines": 4, "excluded_lines": 0}, "missing_lines": [67, 68, 77, 84], "excluded_lines": []}, "Vault": {"executed_lines": [112, 115, 118, 119, 120, 122, 123, 125, 129, 130, 132, 136, 137, 139, 140, 141, 142, 144, 145, 149, 150, 152, 154, 157, 159, 162, 166, 167, 168, 169, 178, 179, 180, 182, 183, 188, 189, 190, 191, 192, 193, 232, 234, 235, 236, 238, 240, 241, 243, 247, 248, 252, 254, 263, 264], "summary": {"covered_lines": 55, "num_statements": 91, "percent_covered": 60.43956043956044, "percent_covered_display": "60", "missing_lines": 36, "excluded_lines": 0}, "missing_lines": [113, 116, 117, 126, 127, 128, 131, 134, 153, 155, 158, 184, 185, 186, 202, 203, 205, 206, 207, 208, 210, 212, 213, 215, 216, 217, 219, 221, 222, 223, 225, 253, 257, 260, 265, 266], "excluded_lines": []}, "TemplateHandle": {"executed_lines": [271, 272, 273, 276, 278, 280, 287, 288, 289, 290, 291, 292, 293, 294, 295, 315, 316, 318, 319, 320, 322, 323, 324, 325, 327, 328, 329, 333, 335, 336, 350], "summary": {"covered_lines": 31, "num_statements": 42, "percent_covered": 73.80952380952381, "percent_covered_display": "74", "missing_lines": 11, "excluded_lines": 0}, "missing_lines": [330, 331, 358, 359, 360, 361, 362, 363, 364, 365, 366], "excluded_lines": []}, "": {"executed_lines": [1, 2, 3, 4, 5, 6, 7, 9, 10, 11, 12, 13, 14, 15, 16, 19, 20, 24, 29, 36, 45, 49, 53, 54, 58, 63, 70, 79, 83, 87, 88, 105, 147, 148, 161, 164, 171, 195, 227, 245, 250, 256, 259, 262, 269, 270, 275, 277, 279, 282, 297, 352], "summary": {"covered_lines": 49, "num_statements": 49, "percent_covered": 100.0, "percent_covered_display": "100", "missing_lines": 0, "excluded_lines": 0}, "missing_lines": [], "excluded_lines": []}}}, "promptlightning/watcher.py": {"executed_lines": [1, 2, 3, 4, 5, 7, 8, 11, 14, 15, 20, 24], "summary": {"covered_lines": 12, "num_statements": 22, "percent_covered": 54.54545454545455, "percent_covered_display": "55", "missing_lines": 10, "excluded_lines": 0}, "missing_lines": [9, 10, 12, 16, 17, 18, 21, 22, 25, 26], "excluded_lines": [], "functions": {"_Handler.__init__": {"executed_lines": [], "summary": {"covered_lines": 0, "num_statements": 2, "percent_covered": 0.0, "percent_covered_display": "0", "missing_lines": 2, "excluded_lines": 0}, "missing_lines": [9, 10], "excluded_lines": []}, "_Handler.on_any_event": {"executed_lines": [], "summary": {"covered_lines": 0, "num_statements": 1, "percent_covered": 0.0, "percent_covered_display": "0", "missing_lines": 1, "excluded_lines": 0}, "missing_lines": [12], "excluded_lines": []}, "Watcher.__init__": {"executed_lines": [], "summary": {"covered_lines": 0, "num_statements": 3, "percent_covered": 0.0, "percent_covered_display": "0", "missing_lines": 3, "excluded_lines": 0}, "missing_lines": [16, 17, 18], "excluded_lines": []}, "Watcher.start": {"executed_lines": [], "summary": {"covered_lines": 0, "num_statements": 2, "percent_covered": 0.0, "percent_covered_display": "0", "missing_lines": 2, "excluded_lines": 0}, "missing_lines": [21, 22], "excluded_lines": []}, "Watcher.stop": {"executed_lines": [], "summary": {"covered_lines": 0, "num_statements": 2, "percent_covered": 0.0, "percent_covered_display": "0", "missing_lines": 2, "excluded_lines": 0}, "missing_lines": [25, 26], "excluded_lines": []}, "": {"executed_lines": [1, 2, 3, 4, 5, 7, 8, 11, 14, 15, 20, 24], "summary": {"covered_lines": 12, "num_statements": 12, "percent_covered": 100.0, "percent_covered_display": "100", "missing_lines": 0, "excluded_lines": 0}, "missing_lines": [], "excluded_lines": []}}, "classes": {"_Handler": {"executed_lines": [], "summary": {"covered_lines": 0, "num_statements": 3, "percent_covered": 0.0, "percent_covered_display": "0", "missing_lines": 3, "excluded_lines": 0}, "missing_lines": [9, 10, 12], "excluded_lines": []}, "Watcher": {"executed_lines": [], "summary": {"covered_lines": 0, "num_statements": 7, "percent_covered": 0.0, "percent_covered_display": "0", "missing_lines": 7, "excluded_lines": 0}, "missing_lines": [16, 17, 18, 21, 22, 25, 26], "excluded_lines": []}, "": {"executed_lines": [1, 2, 3, 4, 5, 7, 8, 11, 14, 15, 20, 24], "summary": {"covered_lines": 12, "num_statements": 12, "percent_covered": 100.0, "percent_covered_display": "100", "missing_lines": 0, "excluded_lines": 0}, "missing_lines": [], "excluded_lines": []}}}}, "totals": {"covered_lines": 910, "num_statements": 1579, "percent_covered": 57.631412286257124, "percent_covered_display": "58", "missing_lines": 669, "excluded_lines": 5}}